Assembler report for riscv_core
Fri Oct 15 18:16:51 2021
Quartus Prime Version 20.1.1 Build 720 11/11/2020 SJ Lite Edition


---------------------
; Table of Contents ;
---------------------
  1. Legal Notice
  2. Assembler Summary
  3. Assembler Settings
  4. Assembler Generated Files
  5. Assembler Device Options: C:/Users/sylva/OneDrive/Documents/projets/projets/riscv_core/FPGA_cyclone10lp/quartus_project_1/output_files/riscv_core.sof
  6. Assembler Messages



----------------
; Legal Notice ;
----------------
Copyright (C) 2020  Intel Corporation. All rights reserved.
Your use of Intel Corporation's design tools, logic functions 
and other software and tools, and any partner logic 
functions, and any output files from any of the foregoing 
(including device programming or simulation files), and any 
associated documentation or information are expressly subject 
to the terms and conditions of the Intel Program License 
Subscription Agreement, the Intel Quartus Prime License Agreement,
the Intel FPGA IP License Agreement, or other applicable license
agreement, including, without limitation, that your use is for
the sole purpose of programming logic devices manufactured by
Intel and sold by Intel or its authorized distributors.  Please
refer to the applicable agreement for further details, at
https://fpgasoftware.intel.com/eula.



+---------------------------------------------------------------+
; Assembler Summary                                             ;
+-----------------------+---------------------------------------+
; Assembler Status      ; Successful - Fri Oct 15 18:16:51 2021 ;
; Revision Name         ; riscv_core                            ;
; Top-level Entity Name ; riscv_core                            ;
; Family                ; Cyclone 10 LP                         ;
; Device                ; 10CL025YU256C8G                       ;
+-----------------------+---------------------------------------+


+----------------------------------+
; Assembler Settings               ;
+--------+---------+---------------+
; Option ; Setting ; Default Value ;
+--------+---------+---------------+


+-----------------------------------------------------------------------------------------------------------------------------+
; Assembler Generated Files                                                                                                   ;
+-----------------------------------------------------------------------------------------------------------------------------+
; File Name                                                                                                                   ;
+-----------------------------------------------------------------------------------------------------------------------------+
; C:/Users/sylva/OneDrive/Documents/projets/projets/riscv_core/FPGA_cyclone10lp/quartus_project_1/output_files/riscv_core.sof ;
+-----------------------------------------------------------------------------------------------------------------------------+


+-------------------------------------------------------------------------------------------------------------------------------------------------------+
; Assembler Device Options: C:/Users/sylva/OneDrive/Documents/projets/projets/riscv_core/FPGA_cyclone10lp/quartus_project_1/output_files/riscv_core.sof ;
+----------------+--------------------------------------------------------------------------------------------------------------------------------------+
; Option         ; Setting                                                                                                                              ;
+----------------+--------------------------------------------------------------------------------------------------------------------------------------+
; JTAG usercode  ; 0x001D0AE9                                                                                                                           ;
; Checksum       ; 0x001D0AE9                                                                                                                           ;
+----------------+--------------------------------------------------------------------------------------------------------------------------------------+


+--------------------+
; Assembler Messages ;
+--------------------+
Info: *******************************************************************
Info: Running Quartus Prime Assembler
    Info: Version 20.1.1 Build 720 11/11/2020 SJ Lite Edition
    Info: Processing started: Fri Oct 15 18:16:50 2021
Info: Command: quartus_asm --read_settings_files=off --write_settings_files=off riscv_core -c riscv_core
Info (115031): Writing out detailed assembly data for power analysis
Info (115030): Assembler is generating device programming files
Info: Quartus Prime Assembler was successful. 0 errors, 0 warnings
    Info: Peak virtual memory: 4688 megabytes
    Info: Processing ended: Fri Oct 15 18:16:51 2021
    Info: Elapsed time: 00:00:01
    Info: Total CPU time (on all processors): 00:00:01


